d:\github\snake.c\snake.c\x64\debug\vc143.pdb
d:\github\snake.c\snake.c\x64\debug\vc143.idb
d:\github\snake.c\snake.c\x64\debug\try.obj
d:\github\snake.c\snake.c\x64\debug\test.obj
d:\github\snake.c\snake.c\x64\debug\snake.obj
d:\github\snake.c\snake.c\x64\debug\snake.c.ilk
d:\github\snake.c\x64\debug\snake.c.pdb
d:\github\snake.c\snake.c\x64\debug\snake.c.tlog\cl.command.1.tlog
d:\github\snake.c\snake.c\x64\debug\snake.c.tlog\cl.items.tlog
d:\github\snake.c\snake.c\x64\debug\snake.c.tlog\cl.read.1.tlog
d:\github\snake.c\snake.c\x64\debug\snake.c.tlog\cl.write.1.tlog
d:\github\snake.c\snake.c\x64\debug\snake.c.tlog\link-cvtres.read.1.tlog
d:\github\snake.c\snake.c\x64\debug\snake.c.tlog\link-cvtres.write.1.tlog
d:\github\snake.c\snake.c\x64\debug\snake.c.tlog\link-rc.read.1.tlog
d:\github\snake.c\snake.c\x64\debug\snake.c.tlog\link-rc.write.1.tlog
d:\github\snake.c\snake.c\x64\debug\snake.c.tlog\link.13484-cvtres.read.1.tlog
d:\github\snake.c\snake.c\x64\debug\snake.c.tlog\link.13484-cvtres.write.1.tlog
d:\github\snake.c\snake.c\x64\debug\snake.c.tlog\link.13484-rc.read.1.tlog
d:\github\snake.c\snake.c\x64\debug\snake.c.tlog\link.13484-rc.write.1.tlog
d:\github\snake.c\snake.c\x64\debug\snake.c.tlog\link.13484.read.1.tlog
d:\github\snake.c\snake.c\x64\debug\snake.c.tlog\link.13484.read.2.tlog
d:\github\snake.c\snake.c\x64\debug\snake.c.tlog\link.13484.read.3.tlog
d:\github\snake.c\snake.c\x64\debug\snake.c.tlog\link.13484.read.4.tlog
d:\github\snake.c\snake.c\x64\debug\snake.c.tlog\link.13484.read.5.tlog
d:\github\snake.c\snake.c\x64\debug\snake.c.tlog\link.13484.read.6.tlog
d:\github\snake.c\snake.c\x64\debug\snake.c.tlog\link.13484.write.1.tlog
d:\github\snake.c\snake.c\x64\debug\snake.c.tlog\link.command.1.tlog
d:\github\snake.c\snake.c\x64\debug\snake.c.tlog\link.read.1.tlog
d:\github\snake.c\snake.c\x64\debug\snake.c.tlog\link.read.2.tlog
d:\github\snake.c\snake.c\x64\debug\snake.c.tlog\link.read.3.tlog
d:\github\snake.c\snake.c\x64\debug\snake.c.tlog\link.read.4.tlog
d:\github\snake.c\snake.c\x64\debug\snake.c.tlog\link.read.5.tlog
d:\github\snake.c\snake.c\x64\debug\snake.c.tlog\link.read.6.tlog
d:\github\snake.c\snake.c\x64\debug\snake.c.tlog\link.secondary.1.tlog
d:\github\snake.c\snake.c\x64\debug\snake.c.tlog\link.write.1.tlog
